0 info it worked if it ends with ok
1 verbose cli [ 'C:\\Program Files\\nodejs\\node.exe',
1 verbose cli   'C:\\Users\\Heath\\AppData\\Roaming\\npm\\node_modules\\npm\\bin\\npm-cli.js',
1 verbose cli   'run',
1 verbose cli   'dev' ]
2 info using npm@3.10.9
3 info using node@v6.9.1
4 verbose run-script [ 'predev', 'dev', 'postdev' ]
5 info lifecycle heathandliz@0.1.0~predev: heathandliz@0.1.0
6 silly lifecycle heathandliz@0.1.0~predev: no script for predev, continuing
7 info lifecycle heathandliz@0.1.0~dev: heathandliz@0.1.0
8 verbose lifecycle heathandliz@0.1.0~dev: unsafe-perm in lifecycle true
9 verbose lifecycle heathandliz@0.1.0~dev: PATH: C:\Users\Heath\AppData\Roaming\npm\node_modules\npm\bin\node-gyp-bin;c:\Users\heath\Documents\GitHub\heathandliz\node_modules\.bin;C:\Program Files\ConEmu\ConEmu\Scripts;C:\Program Files\ConEmu;C:\Program Files\ConEmu\ConEmu;C:\tools\ruby23\bin;C:\WINDOWS\system32;C:\WINDOWS;C:\WINDOWS\System32\Wbem;C:\WINDOWS\System32\WindowsPowerShell\v1.0\;C:\ProgramData\chocolatey\bin;C:\Program Files\Calibre2\;C:\tools\SQLite;C:\Users\heath\.dnx\bin;C:\Program Files\Microsoft DNX\Dnvm\;C:\tools\go\bin;C:\Program Files\Microsoft SQL Server\120\Tools\Binn\;C:\Program Files\Microsoft\Web Platform Installer\;C:\Program Files\MariaDB 10.1\bin;C:\Program Files\Microsoft SQL Server\130\Tools\Binn\;C:\Program Files\Git LFS;C:\Program Files (x86)\Brackets\command;C:\Program Files\OpenVPN\bin;C:\Program Files (x86)\Microsoft SQL Server\110\DTS\Binn\;C:\Program Files (x86)\Microsoft SQL Server\120\DTS\Binn\;C:\Program Files (x86)\Microsoft SQL Server\130\DTS\Binn\;C:\WINDOWS\system32;C:\WINDOWS;C:\WINDOWS\System32\Wbem;C:\WINDOWS\System32\WindowsPowerShell\v1.0\;C:\Program Files (x86)\Windows Kits\10\Windows Performance Toolkit\;C:\Program Files (x86)\Microsoft SDKs\Azure\CLI\wbin;C:\Program Files\dotnet\;C:\HashiCorp\Vagrant\bin;C:\Program Files\Git\cmd;C:\Program Files\Java\jdk1.8.0_102\bin;C:\Program Files\nodejs\;C:\Program Files (x86)\Yarn\bin;C:\Program Files\Java\jdk1.8.0_112\bin;C:\Users\heath\Anaconda2;C:\Users\heath\Anaconda2\Scripts;C:\Users\heath\Anaconda2\Library\bin;C:\Users\heath\AppData\Local\atom\bin;C:\tools\php;C:\Program Files\Oracle\VirtualBox;C:\tools\mysql\current\bin;C:\PostgreSQL\bin;C:\Program Files (x86)\Microsoft VS Code\bin;C:\Program Files\Docker Toolbox;C:\tools\apache-maven-3.3.3\bin;C:\Users\heath\AppData\Roaming\Boxstarter;C:\Users\heath\AppData\Local\Microsoft\WindowsApps;C:\Program Files\Oracle\VirtualBox;C:\Users\heath\AppData\Roaming\npm;C:\Users\heath\AppData\Local\Yarn\.bin
10 verbose lifecycle heathandliz@0.1.0~dev: CWD: c:\Users\heath\Documents\GitHub\heathandliz
11 silly lifecycle heathandliz@0.1.0~dev: Args: [ '/d /s /c', 'gulp --env dev' ]
12 silly lifecycle heathandliz@0.1.0~dev: Returned: code: 3221225786  signal: null
13 info lifecycle heathandliz@0.1.0~dev: Failed to exec dev script
14 verbose stack Error: heathandliz@0.1.0 dev: `gulp --env dev`
14 verbose stack Exit status 3221225786
14 verbose stack     at EventEmitter.<anonymous> (C:\Users\Heath\AppData\Roaming\npm\node_modules\npm\lib\utils\lifecycle.js:255:16)
14 verbose stack     at emitTwo (events.js:106:13)
14 verbose stack     at EventEmitter.emit (events.js:191:7)
14 verbose stack     at ChildProcess.<anonymous> (C:\Users\Heath\AppData\Roaming\npm\node_modules\npm\lib\utils\spawn.js:40:14)
14 verbose stack     at emitTwo (events.js:106:13)
14 verbose stack     at ChildProcess.emit (events.js:191:7)
14 verbose stack     at maybeClose (internal/child_process.js:877:16)
14 verbose stack     at Process.ChildProcess._handle.onexit (internal/child_process.js:226:5)
15 verbose pkgid heathandliz@0.1.0
16 verbose cwd c:\Users\heath\Documents\GitHub\heathandliz
17 error Windows_NT 10.0.14393
18 error argv "C:\\Program Files\\nodejs\\node.exe" "C:\\Users\\Heath\\AppData\\Roaming\\npm\\node_modules\\npm\\bin\\npm-cli.js" "run" "dev"
19 error node v6.9.1
20 error npm  v3.10.9
21 error code ELIFECYCLE
22 error heathandliz@0.1.0 dev: `gulp --env dev`
22 error Exit status 3221225786
23 error Failed at the heathandliz@0.1.0 dev script 'gulp --env dev'.
23 error Make sure you have the latest version of node.js and npm installed.
23 error If you do, this is most likely a problem with the heathandliz package,
23 error not with npm itself.
23 error Tell the author that this fails on your system:
23 error     gulp --env dev
23 error You can get information on how to open an issue for this project with:
23 error     npm bugs heathandliz
23 error Or if that isn't available, you can get their info via:
23 error     npm owner ls heathandliz
23 error There is likely additional logging output above.
24 verbose exit [ 1, true ]
